╔════════════════════════════════════════════════════════╗
║  Autonomous Business Supervisor — 22 Roles Active   ║
╚════════════════════════════════════════════════════════╝

Roles: 31
Supervisor DB: /root/autonomous-business-v3/supervisor/supervisor.db
Log dir: /root/autonomous-business-v3/logs

[→] ceo starting...
[✓] ceo done — 1943 tokens in 44.3s
[→] cfo starting...
[✓] cfo done — 799 tokens in 18.4s
[→] cmo starting...
[✓] cmo done — 380 tokens in 1.9s
[→] content-writer starting...
[✓] content-writer done — 2978 tokens in 169.4s
[→] coo starting...
[✓] coo done — 574 tokens in 2.7s
[→] cto starting...
[✓] cto done — 719 tokens in 14.7s
[→] data-eng starting...
[✓] data-eng done — 1568 tokens in 87.6s
[→] data-scientist starting...
[✗] data-scientist done — 0 tokens in 0.0s
[→] designer starting...
[✓] designer done — 2658 tokens in 166.9s
[→] devops starting...
[✗] devops done — 0 tokens in 0.0s
[→] fe-1 starting...
[✓] fe-1 done — 1488 tokens in 87.2s
[→] fe-2 starting...
[✓] fe-2 done — 1920 tokens in 121.6s
[→] gepa-judge starting...
[✓] gepa-judge done — 843 tokens in 63.6s
[→] gepa-optimizer starting...
[✓] gepa-optimizer done — 455 tokens in 5.5s
[→] hr starting...
[✓] hr done — 732 tokens in 26.0s
[→] legal starting...
[✗] legal done — 0 tokens in 0.0s
[→] mkt-campaigns starting...
[✗] mkt-campaigns done — 0 tokens in 0.0s
[→] sales-dr starting...
[✓] sales-dr done — 1613 tokens in 82.4s
[→] security starting...
[✓] security done — 720 tokens in 10.5s
[→] seo starting...
[✗] seo done — 0 tokens in 0.0s
[→] support starting...
[✓] support done — 835 tokens in 10.8s
[→] swe-1 starting...
[✓] swe-1 done — 3744 tokens in 287.6s
[→] swe-2 starting...
[✓] swe-2 done — 1613 tokens in 141.8s
[→] swe-3 starting...
[✓] swe-3 done — 2103 tokens in 87.0s
[→] swe-4 starting...
[✓] swe-4 done — 2006 tokens in 88.1s
[→] vp-cs starting...
[✓] vp-cs done — 447 tokens in 2.1s
[→] vp-eng starting...
[✓] vp-eng done — 1531 tokens in 7.8s
[→] vp-hr starting...
[✓] vp-hr done — 1911 tokens in 9.8s
[→] vp-mktg starting...
[✓] vp-mktg done — 1147 tokens in 8.0s
[→] vp-product starting...
[✓] vp-product done — 966 tokens in 21.3s
[→] vp-sales starting...
[✓] vp-sales done — 1102 tokens in 13.6s

[!] Received signal 15, shutting down gracefully...
